<?xml version="1.0" encoding="UTF-8"?>
<!-- Generated by org.testng.reporters.JUnitXMLReporter -->
<testsuite ignored="0" hostname="LAPTOP-H6EEHRD5" failures="0" tests="3" name="Surefire test" time="56.41" errors="0" timestamp="2022-05-10T12:53:51 IST">
  <testcase classname="Pack123.Test2" name="launchUrl" time="15.701"/>
  <testcase classname="Pack123.Test2" name="loginFb" time="18.522"/>
  <testcase classname="Pack123.Test2" name="loginFbWrongCred" time="7.765"/>
</testsuite> <!-- Surefire test -->
