<?xml version="1.0" encoding="UTF-8"?>
<!-- Generated by org.testng.reporters.JUnitXMLReporter -->
<testsuite ignored="1" hostname="LAPTOP-H6EEHRD5" failures="0" tests="6" name="Default test" time="108.674" errors="0" timestamp="2022-05-11T17:09:43 IST">
  <testcase classname="Pack123.Test2" name="launchUrl" time="4.532"/>
  <testcase classname="Pack123.Test2" name="loginFb" time="10.906"/>
  <testcase classname="Pack123.Test2" name="loginFb" time="8.401"/>
  <testcase classname="Pack123.Test2" name="loginFb" time="11.057"/>
  <testcase classname="Pack123.Test2" name="loginFb" time="19.217"/>
  <testcase classname="Pack123.Test2" name="loginFb" time="46.907"/>
  <testcase classname="Pack123.Test2" name="loginFbWrongCred" time="0.0">
    <ignored/>
  </testcase> <!-- loginFbWrongCred -->
</testsuite> <!-- Default test -->
