<?xml version="1.0" encoding="UTF-8"?>
<!-- Generated by org.testng.reporters.JUnitXMLReporter -->
<testsuite ignored="0" hostname="LAPTOP-H6EEHRD5" failures="0" tests="7" name="Test" time="339.511" errors="0" timestamp="2022-05-17T08:12:20 IST">
  <testcase classname="Pack123.Test2" name="launchUrl" time="3.768"/>
  <testcase classname="Pack123.Test2" name="loginFb" time="21.176"/>
  <testcase classname="Pack123.Test2" name="loginFb" time="16.408"/>
  <testcase classname="Pack123.Test2" name="loginFb" time="22.397"/>
  <testcase classname="Pack123.Test2" name="loginFb" time="76.486"/>
  <testcase classname="Pack123.Test2" name="loginFb" time="82.366"/>
  <testcase classname="Pack123.Test2" name="loginFbWrongCred" time="70.94"/>
</testsuite> <!-- Test -->
